c:\users\denis\desktop\новая папка\smartukraine\smartukraine\x64\debug\vc142.pdb
c:\users\denis\desktop\новая папка\smartukraine\smartukraine\x64\debug\vc142.idb
c:\users\denis\desktop\новая папка\smartukraine\smartukraine\x64\debug\funct.obj
c:\users\denis\desktop\новая папка\smartukraine\smartukraine\x64\debug\main.obj
c:\users\denis\desktop\новая папка\smartukraine\smartukraine\x64\debug\_form.obj
c:\users\denis\desktop\новая папка\smartukraine\smartukraine\x64\debug\user.obj
c:\users\denis\desktop\новая папка\smartukraine\smartukraine\x64\debug\system.obj
c:\users\denis\desktop\новая папка\smartukraine\smartukraine\x64\debug\police.obj
c:\users\denis\desktop\новая папка\smartukraine\smartukraine\x64\debug\petition.obj
c:\users\denis\desktop\новая папка\smartukraine\smartukraine\x64\debug\people.obj
c:\users\denis\desktop\новая папка\smartukraine\smartukraine\x64\debug\gaz.obj
c:\users\denis\desktop\новая папка\smartukraine\smartukraine\x64\debug\firemen.obj
c:\users\denis\desktop\новая папка\smartukraine\smartukraine\x64\debug\ambulance.obj
c:\users\denis\desktop\новая папка\smartukraine\x64\debug\smartukraine.exe
c:\users\denis\desktop\новая папка\smartukraine\x64\debug\smartukraine.ilk
c:\users\denis\desktop\новая папка\smartukraine\x64\debug\smartukraine.pdb
c:\users\denis\desktop\новая папка\smartukraine\smartukraine\x64\debug\smartukraine.tlog\cl.command.1.tlog
c:\users\denis\desktop\новая папка\smartukraine\smartukraine\x64\debug\smartukraine.tlog\cl.read.1.tlog
c:\users\denis\desktop\новая папка\smartukraine\smartukraine\x64\debug\smartukraine.tlog\cl.write.1.tlog
c:\users\denis\desktop\новая папка\smartukraine\smartukraine\x64\debug\smartukraine.tlog\link.command.1.tlog
c:\users\denis\desktop\новая папка\smartukraine\smartukraine\x64\debug\smartukraine.tlog\link.read.1.tlog
c:\users\denis\desktop\новая папка\smartukraine\smartukraine\x64\debug\smartukraine.tlog\link.write.1.tlog
